<?xml version="1.0" encoding="UTF-8"?>
<testsuite name="org.york.network.TCP.packet.TCPPacketValidatorTest" tests="3" skipped="0" failures="0" errors="0" timestamp="2025-09-14T04:09:36.226Z" hostname="cherryblossoms" time="0.006">
  <properties/>
  <testcase name="testChecksumCalculation()" classname="org.york.network.TCP.packet.TCPPacketValidatorTest" time="0.001"/>
  <testcase name="testChecksumValidation()" classname="org.york.network.TCP.packet.TCPPacketValidatorTest" time="0.002"/>
  <testcase name="testSequenceNumberValidation()" classname="org.york.network.TCP.packet.TCPPacketValidatorTest" time="0.001"/>
  <system-out><![CDATA[]]></system-out>
  <system-err><![CDATA[]]></system-err>
</testsuite>
